#
# There is insufficient memory for the Java Runtime Environment to continue.
# Native memory allocation (mmap) failed to map 117440512 bytes for G1 virtual space
# Possible reasons:
#   The system is out of physical RAM or swap space
#   The process is running with CompressedOops enabled, and the Java Heap may be blocking the growth of the native heap
# Possible solutions:
#   Reduce memory load on the system
#   Increase physical memory or swap space
#   Check if swap backing store is full
#   Decrease Java heap size (-Xmx/-Xms)
#   Decrease number of Java threads
#   Decrease Java thread stack sizes (-Xss)
#   Set larger code cache with -XX:ReservedCodeCacheSize=
#   JVM is running with Unscaled Compressed Oops mode in which the Java heap is
#     placed in the first 4GB address space. The Java Heap base address is the
#     maximum limit for the native heap growth. Please use -XX:HeapBaseMinAddress
#     to set the Java Heap base and to place the Java Heap above 4GB virtual address.
# This output file may be truncated or incomplete.
#
#  Out of Memory Error (os_windows.cpp:3559), pid=2956, tid=5516
#
# JRE version:  (17.0.7+7) (build )
# Java VM: OpenJDK 64-Bit Server VM (17.0.7+7-LTS, mixed mode, sharing, tiered, compressed oops, compressed class ptrs, g1 gc, windows-amd64)
# No core dump will be written. Minidumps are not enabled by default on client versions of Windows
#

---------------  S U M M A R Y ------------

Command Line: -javaagent:C:\Program Files\JetBrains\IntelliJ IDEA 2023.1.3\lib\idea_rt.jar=54487:C:\Program Files\JetBrains\IntelliJ IDEA 2023.1.3\bin -Dfile.encoding=UTF-8 Main

Host: AMD Ryzen 5 2500U with Radeon Vega Mobile Gfx  , 8 cores, 6G,  Windows 10 , 64 bit Build 19041 (10.0.19041.3636)
Time: Sun Dec 17 15:18:30 2023 Srednja Europa - st. vrij. elapsed time: 0.029479 seconds (0d 0h 0m 0s)

---------------  T H R E A D  ---------------

Current thread (0x0000017c4ea9ee90):  JavaThread "Unknown thread" [_thread_in_vm, id=5516, stack(0x0000007914b00000,0x0000007914c00000)]

Stack: [0x0000007914b00000,0x0000007914c00000]
Native frames: (J=compiled Java code, j=interpreted, Vv=VM code, C=native code)
V  [jvm.dll+0x67be0a]
V  [jvm.dll+0x8393e4]
V  [jvm.dll+0x83ab8e]
V  [jvm.dll+0x83b1f3]
V  [jvm.dll+0x24803f]
V  [jvm.dll+0x678ce9]
V  [jvm.dll+0x66d57a]
V  [jvm.dll+0x308b7b]
V  [jvm.dll+0x310026]
V  [jvm.dll+0x35f9ce]
V  [jvm.dll+0x35fbff]
V  [jvm.dll+0x2dfa78]
V  [jvm.dll+0x2e09e4]
V  [jvm.dll+0x80b3d1]
V  [jvm.dll+0x36d7a1]
V  [jvm.dll+0x7ea8ec]
V  [jvm.dll+0x3f041f]
V  [jvm.dll+0x3f1f51]
C  [jli.dll+0x528f]
C  [ucrtbase.dll+0x21bb2]
C  [KERNEL32.DLL+0x17344]
C  [ntdll.dll+0x526b1]


---------------  P R O C E S S  ---------------

Threads class SMR info:
_java_thread_list=0x00007ffc87eb1018, length=0, elements={
}

Java Threads: ( => current thread )

Other Threads:
  0x0000017c4eaefff0 GCTaskThread "GC Thread#0" [stack: 0x0000007914c00000,0x0000007914d00000] [id=5672]
  0x0000017c4eafec30 ConcurrentGCThread "G1 Main Marker" [stack: 0x0000007914d00000,0x0000007914e00000] [id=11984]
  0x0000017c4eaffde0 ConcurrentGCThread "G1 Conc#0" [stack: 0x0000007914e00000,0x0000007914f00000] [id=2588]

[error occurred during error reporting (printing all threads), id 0xc0000005, EXCEPTION_ACCESS_VIOLATION (0xc0000005) at pc=0x00007ffc876704d7]

VM state: not at safepoint (not fully initialized)

VM Mutex/Monitor currently owned by a thread:  ([mutex/lock_event])
[0x0000017c4ea9ae90] Heap_lock - owner thread: 0x0000017c4ea9ee90

Heap address: 0x0000000091800000, size: 1768 MB, Compressed Oops mode: 32-bit

CDS archive(s) mapped at: [0x0000000000000000-0x0000000000000000-0x0000000000000000), size 0, SharedBaseAddress: 0x0000000800000000, ArchiveRelocationMode: 0.
Narrow klass base: 0x0000000000000000, Narrow klass shift: 0, Narrow klass range: 0x0

GC Precious Log:
<Empty>

Heap:
 garbage-first heap   total 0K, used 0K [0x0000000091800000, 0x0000000100000000)
  region size 1024K, 0 young (0K), 0 survivors (0K)

[error occurred during error reporting (printing heap information), id 0xc0000005, EXCEPTION_ACCESS_VIOLATION (0xc0000005) at pc=0x00007ffc87a55829]

GC Heap History (0 events):
No events

Dll operation events (1 events):
Event: 0.020 Loaded shared library C:\Program Files\Microsoft\jdk-17.0.7.7-hotspot\bin\java.dll

Deoptimization events (0 events):
No events

Classes unloaded (0 events):
No events

Classes redefined (0 events):
No events

Internal exceptions (0 events):
No events

VM Operations (0 events):
No events

Events (0 events):
No events


Dynamic libraries:
0x00007ff70c240000 - 0x00007ff70c24e000 	C:\Program Files\Microsoft\jdk-17.0.7.7-hotspot\bin\java.exe
0x00007ffcd2cd0000 - 0x00007ffcd2ec8000 	C:\WINDOWS\SYSTEM32\ntdll.dll
0x00007ffcd2ac0000 - 0x00007ffcd2b7d000 	C:\WINDOWS\System32\KERNEL32.DLL
0x00007ffcd07c0000 - 0x00007ffcd0ab6000 	C:\WINDOWS\System32\KERNELBASE.dll
0x00007ffcd0ac0000 - 0x00007ffcd0bc0000 	C:\WINDOWS\System32\ucrtbase.dll
0x00007ffccbef0000 - 0x00007ffccbf0b000 	C:\Program Files\Microsoft\jdk-17.0.7.7-hotspot\bin\VCRUNTIME140.dll
0x00007ffccbf10000 - 0x00007ffccbf27000 	C:\Program Files\Microsoft\jdk-17.0.7.7-hotspot\bin\jli.dll
0x00007ffcd1b30000 - 0x00007ffcd1cce000 	C:\WINDOWS\System32\USER32.dll
0x00007ffcd03b0000 - 0x00007ffcd03d2000 	C:\WINDOWS\System32\win32u.dll
0x00007ffcb2520000 - 0x00007ffcb27ba000 	C:\WINDOWS\WinSxS\amd64_microsoft.windows.common-controls_6595b64144ccf1df_6.0.19041.3636_none_60b6a03d71f818d5\COMCTL32.dll
0x00007ffcd1fc0000 - 0x00007ffcd1fec000 	C:\WINDOWS\System32\GDI32.dll
0x00007ffcd1cd0000 - 0x00007ffcd1d6e000 	C:\WINDOWS\System32\msvcrt.dll
0x00007ffcd05e0000 - 0x00007ffcd06fa000 	C:\WINDOWS\System32\gdi32full.dll
0x00007ffcd03e0000 - 0x00007ffcd047d000 	C:\WINDOWS\System32\msvcp_win.dll
0x00007ffcd0fe0000 - 0x00007ffcd1010000 	C:\WINDOWS\System32\IMM32.DLL
0x00007ffccc4c0000 - 0x00007ffccc4cc000 	C:\Program Files\Microsoft\jdk-17.0.7.7-hotspot\bin\vcruntime140_1.dll
0x00007ffcc6000000 - 0x00007ffcc608d000 	C:\Program Files\Microsoft\jdk-17.0.7.7-hotspot\bin\msvcp140.dll
0x00007ffc87380000 - 0x00007ffc87fe3000 	C:\Program Files\Microsoft\jdk-17.0.7.7-hotspot\bin\server\jvm.dll
0x00007ffcd1070000 - 0x00007ffcd111f000 	C:\WINDOWS\System32\ADVAPI32.dll
0x00007ffcd19b0000 - 0x00007ffcd1a4c000 	C:\WINDOWS\System32\sechost.dll
0x00007ffcd1740000 - 0x00007ffcd1866000 	C:\WINDOWS\System32\RPCRT4.dll
0x00007ffcc7d50000 - 0x00007ffcc7d5a000 	C:\WINDOWS\SYSTEM32\VERSION.dll
0x00007ffcc4960000 - 0x00007ffcc4987000 	C:\WINDOWS\SYSTEM32\WINMM.dll
0x00007ffcb28e0000 - 0x00007ffcb28e9000 	C:\WINDOWS\SYSTEM32\WSOCK32.dll
0x00007ffcd1d70000 - 0x00007ffcd1ddb000 	C:\WINDOWS\System32\WS2_32.dll
0x00007ffcce150000 - 0x00007ffcce162000 	C:\WINDOWS\SYSTEM32\kernel.appcore.dll
0x00007ffcc89f0000 - 0x00007ffcc89fa000 	C:\Program Files\Microsoft\jdk-17.0.7.7-hotspot\bin\jimage.dll
0x00007ffcc73c0000 - 0x00007ffcc75a4000 	C:\WINDOWS\SYSTEM32\DBGHELP.DLL
0x00007ffcc6d30000 - 0x00007ffcc6d64000 	C:\WINDOWS\SYSTEM32\dbgcore.DLL
0x00007ffcd0730000 - 0x00007ffcd07b2000 	C:\WINDOWS\System32\bcryptPrimitives.dll
0x00007ffcc66c0000 - 0x00007ffcc66ce000 	C:\Program Files\Microsoft\jdk-17.0.7.7-hotspot\bin\instrument.dll
0x00007ffcc89c0000 - 0x00007ffcc89e5000 	C:\Program Files\Microsoft\jdk-17.0.7.7-hotspot\bin\java.dll

dbghelp: loaded successfully - version: 4.0.5 - missing functions: none
symbol engine: initialized successfully - sym options: 0x614 - pdb path: .;C:\Program Files\Microsoft\jdk-17.0.7.7-hotspot\bin;C:\WINDOWS\SYSTEM32;C:\WINDOWS\WinSxS\amd64_microsoft.windows.common-controls_6595b64144ccf1df_6.0.19041.3636_none_60b6a03d71f818d5;C:\Program Files\Microsoft\jdk-17.0.7.7-hotspot\bin\server

VM Arguments:
jvm_args: -javaagent:C:\Program Files\JetBrains\IntelliJ IDEA 2023.1.3\lib\idea_rt.jar=54487:C:\Program Files\JetBrains\IntelliJ IDEA 2023.1.3\bin -Dfile.encoding=UTF-8 
java_command: Main
java_class_path (initial): C:\Users\magni\IdeaProjects\Zadatak\out\production\Zadatak
Launcher Type: SUN_STANDARD

[Global flags]
     intx CICompilerCount                          = 4                                         {product} {ergonomic}
     uint ConcGCThreads                            = 2                                         {product} {ergonomic}
     uint G1ConcRefinementThreads                  = 8                                         {product} {ergonomic}
   size_t G1HeapRegionSize                         = 1048576                                   {product} {ergonomic}
    uintx GCDrainStackTargetSize                   = 64                                        {product} {ergonomic}
   size_t InitialHeapSize                          = 117440512                                 {product} {ergonomic}
   size_t MarkStackSize                            = 4194304                                   {product} {ergonomic}
   size_t MaxHeapSize                              = 1853882368                                {product} {ergonomic}
   size_t MinHeapDeltaBytes                        = 1048576                                   {product} {ergonomic}
   size_t MinHeapSize                              = 8388608                                   {product} {ergonomic}
    uintx NonNMethodCodeHeapSize                   = 5839372                                {pd product} {ergonomic}
    uintx NonProfiledCodeHeapSize                  = 122909434                              {pd product} {ergonomic}
    uintx ProfiledCodeHeapSize                     = 122909434                              {pd product} {ergonomic}
    uintx ReservedCodeCacheSize                    = 251658240                              {pd product} {ergonomic}
     bool SegmentedCodeCache                       = true                                      {product} {ergonomic}
   size_t SoftMaxHeapSize                          = 1853882368                             {manageable} {ergonomic}
     bool UseCompressedClassPointers               = true                           {product lp64_product} {ergonomic}
     bool UseCompressedOops                        = true                           {product lp64_product} {ergonomic}
     bool UseG1GC                                  = true                                      {product} {ergonomic}
     bool UseLargePagesIndividualAllocation        = false                                  {pd product} {ergonomic}

Logging:
Log output configuration:
 #0: stdout all=warning uptime,level,tags
 #1: stderr all=off uptime,level,tags

Environment Variables:
JAVA_HOME=C:\Program Files\Microsoft\jdk-17.0.7.7-hotspot\
PATH=C:\Program Files\Microsoft\jdk-17.0.7.7-hotspot\bin;C:\Program Files\Microsoft MPI\Bin\;C:\Python27\Lib\site-packages\PyQt4;C:\Program Files (x86)\NVIDIA Corporation\PhysX\Common;C:\WINDOWS\system32;C:\WINDOWS;C:\WINDOWS\System32\Wbem;C:\WINDOWS\System32\WindowsPowerShell\v1.0\;C:\WINDOWS\System32\OpenSSH\;C:\Program Files\Microsoft SQL Server\Client SDK\ODBC\110\Tools\Binn\;C:\Program Files (x86)\Microsoft SQL Server\120\Tools\Binn\;C:\Program Files\Microsoft SQL Server\120\Tools\Binn\;C:\Program Files\Microsoft SQL Server\120\DTS\Binn\;C:\Program Files (x86)\Windows Kits\8.1\Windows Performance Toolkit\;C:\Python27;C:\Python27\DLLs;C:\Python27\Scripts;C:\Python27\gnuplot\binary;C:\Program Files (x86)\pythonxy\SciTE-3.5.1-4;C:\Program Files (x86)\pythonxy\console;C:\Program Files\Microsoft SQL Server\130\Tools\Binn\;C:\Program Files\Microsoft SQL Server\Client SDK\ODBC\170\Tools\Binn\;C:\Program Files\Git\cmd;C:\Program Files\Docker\Docker\resources\bin;C:\Users\magni\AppData\Local\Microsoft\WindowsApps;C:\Program Files\JetBrains\IntelliJ IDEA 2023.1.3\bin;;
USERNAME=magni
OS=Windows_NT
PROCESSOR_IDENTIFIER=AMD64 Family 23 Model 17 Stepping 0, AuthenticAMD
TMP=C:\Users\magni\AppData\Local\Temp
TEMP=C:\Users\magni\AppData\Local\Temp



---------------  S Y S T E M  ---------------

OS:
 Windows 10 , 64 bit Build 19041 (10.0.19041.3636)
OS uptime: 0 days 0:29 hours
Hyper-V role detected

CPU: total 8 (initial active 8) (8 cores per cpu, 2 threads per core) family 23 model 17 stepping 0 microcode 0x0, cx8, cmov, fxsr, ht, mmx, 3dnowpref, sse, sse2, sse3, ssse3, sse4a, sse4.1, sse4.2, popcnt, lzcnt, tsc, tscinvbit, avx, avx2, aes, clmul, bmi1, bmi2, adx, sha, fma, vzeroupper, clflush, clflushopt, hv

Memory: 4k page, system-wide physical 7068M (356M free)
TotalPageFile size 12826M (AvailPageFile size 77M)
current process WorkingSet (physical memory assigned to process): 10M, peak: 10M
current process commit charge ("private bytes"): 60M, peak: 172M

vm_info: OpenJDK 64-Bit Server VM (17.0.7+7-LTS) for windows-amd64 JRE (17.0.7+7-LTS), built on Apr 13 2023 20:59:12 by "MicrosoftCorporation" with MS VC++ 16.10 / 16.11 (VS2019)

END.
